

Microchip MPLAB XC8 Assembler V2.36 build 20220127204148 
                                                                                               Wed Oct 18 12:52:10 2023

Microchip MPLAB XC8 C Compiler v2.36 (Free license) build 20220127204148 Og1 
     1                           	processor	16F1939
     2                           	pagewidth 120
     3                           	opt	flic
     4                           	psect	stringtext1,global,class=STRCODE,delta=2,noexec
     5                           	psect	stringtext2,global,class=STRCODE,delta=2,noexec
     6                           	psect	cinit,global,class=CODE,merge=1,delta=2
     7                           	psect	cstackCOMMON,global,class=COMMON,space=1,delta=1,noexec
     8                           	psect	maintext,global,class=CODE,merge=1,split=1,delta=2
     9                           	psect	text1,local,class=CODE,merge=1,delta=2
    10                           	psect	text2,local,class=CODE,merge=1,delta=2
    11                           	psect	text3,local,class=CODE,merge=1,delta=2
    12                           	psect	idloc,global,abs,ovrld,class=IDLOC,space=5,delta=2,noexec
    13                           	psect	config,global,abs,ovrld,class=CONFIG,space=4,delta=2,noexec
    14                           	dabs	1,0x7E,2
    15  0000                     
    16                           ; Version 2.40
    17                           ; Generated 17/11/2021 GMT
    18                           ; 
    19                           ; Copyright © 2021, Microchip Technology Inc. and its subsidiaries ("Microchip")
    20                           ; All rights reserved.
    21                           ; 
    22                           ; This software is developed by Microchip Technology Inc. and its subsidiaries ("Microch
      +                          ip").
    23                           ; 
    24                           ; Redistribution and use in source and binary forms, with or without modification, are
    25                           ; permitted provided that the following conditions are met:
    26                           ; 
    27                           ;     1. Redistributions of source code must retain the above copyright notice, this lis
      +                          t of
    28                           ;        conditions and the following disclaimer.
    29                           ; 
    30                           ;     2. Redistributions in binary form must reproduce the above copyright notice, this 
      +                          list
    31                           ;        of conditions and the following disclaimer in the documentation and/or other
    32                           ;        materials provided with the distribution. Publication is not required when
    33                           ;        this file is used in an embedded application.
    34                           ; 
    35                           ;     3. Microchip's name may not be used to endorse or promote products derived from th
      +                          is
    36                           ;        software without specific prior written permission.
    37                           ; 
    38                           ; THIS SOFTWARE IS PROVIDED BY MICROCHIP "AS IS" AND ANY EXPRESS OR IMPLIED WARRANTIES,
    39                           ; INCLUDING, BUT NOT LIMITED TO, THE IMPLIED WARRANTIES OF MERCHANTABILITY AND FITNESS F
      +                          OR
    40                           ; PURPOSE ARE DISCLAIMED.  IN NO EVENT SHALL MICROCHIP BE LIABLE FOR ANY DIRECT, INDIREC
      +                          T,
    41                           ; INCIDENTAL, SPECIAL, EXEMPLARY, OR CONSEQUENTIAL DAMAGES (INCLUDING BUT NOT LIMITED TO
    42                           ; PROCUREMENT OF SUBSTITUTE GOODS OR SERVICES; LOSS OF USE, DATA OR PROFITS; OR BUSINESS
    43                           ; INTERRUPTION) HOWSOEVER CAUSED AND ON ANY THEORY OF LIABILITY, WHETHER IN CONTRACT, ST
      +                          RICT
    44                           ; LIABILITY, OR TORT (INCLUDING NEGLIGENCE OR OTHERWISE) ARISING IN ANY WAY OUT OF THE U
      +                          SE OF
    45                           ; THIS SOFTWARE, EVEN IF ADVISED OF THE POSSIBILITY OF SUCH DAMAGE.
    46                           ; 
    47                           ; 
    48                           ; Code-generator required, PIC16F1939 Definitions
    49                           ; 
    50                           ; SFR Addresses
    51  0000                     	;# 
    52  0001                     	;# 
    53  0002                     	;# 
    54  0003                     	;# 
    55  0004                     	;# 
    56  0005                     	;# 
    57  0006                     	;# 
    58  0007                     	;# 
    59  0008                     	;# 
    60  0009                     	;# 
    61  000A                     	;# 
    62  000B                     	;# 
    63  000C                     	;# 
    64  000D                     	;# 
    65  000E                     	;# 
    66  000F                     	;# 
    67  0010                     	;# 
    68  0011                     	;# 
    69  0012                     	;# 
    70  0013                     	;# 
    71  0015                     	;# 
    72  0016                     	;# 
    73  0016                     	;# 
    74  0017                     	;# 
    75  0018                     	;# 
    76  0019                     	;# 
    77  001A                     	;# 
    78  001B                     	;# 
    79  001C                     	;# 
    80  001E                     	;# 
    81  001F                     	;# 
    82  008C                     	;# 
    83  008D                     	;# 
    84  008E                     	;# 
    85  008F                     	;# 
    86  0090                     	;# 
    87  0091                     	;# 
    88  0092                     	;# 
    89  0093                     	;# 
    90  0095                     	;# 
    91  0096                     	;# 
    92  0097                     	;# 
    93  0098                     	;# 
    94  0099                     	;# 
    95  009A                     	;# 
    96  009B                     	;# 
    97  009B                     	;# 
    98  009C                     	;# 
    99  009D                     	;# 
   100  009E                     	;# 
   101  010C                     	;# 
   102  010D                     	;# 
   103  010E                     	;# 
   104  010F                     	;# 
   105  0110                     	;# 
   106  0111                     	;# 
   107  0112                     	;# 
   108  0113                     	;# 
   109  0114                     	;# 
   110  0115                     	;# 
   111  0116                     	;# 
   112  0117                     	;# 
   113  0118                     	;# 
   114  0119                     	;# 
   115  011A                     	;# 
   116  011B                     	;# 
   117  011D                     	;# 
   118  018C                     	;# 
   119  018D                     	;# 
   120  018F                     	;# 
   121  0190                     	;# 
   122  0191                     	;# 
   123  0191                     	;# 
   124  0192                     	;# 
   125  0193                     	;# 
   126  0193                     	;# 
   127  0193                     	;# 
   128  0194                     	;# 
   129  0195                     	;# 
   130  0196                     	;# 
   131  0199                     	;# 
   132  019A                     	;# 
   133  019B                     	;# 
   134  019B                     	;# 
   135  019B                     	;# 
   136  019B                     	;# 
   137  019C                     	;# 
   138  019C                     	;# 
   139  019D                     	;# 
   140  019E                     	;# 
   141  019F                     	;# 
   142  020D                     	;# 
   143  0210                     	;# 
   144  0211                     	;# 
   145  0212                     	;# 
   146  0213                     	;# 
   147  0214                     	;# 
   148  0215                     	;# 
   149  0215                     	;# 
   150  0216                     	;# 
   151  0217                     	;# 
   152  0291                     	;# 
   153  0291                     	;# 
   154  0292                     	;# 
   155  0293                     	;# 
   156  0294                     	;# 
   157  0295                     	;# 
   158  0295                     	;# 
   159  0296                     	;# 
   160  0298                     	;# 
   161  0298                     	;# 
   162  0299                     	;# 
   163  029A                     	;# 
   164  029B                     	;# 
   165  029C                     	;# 
   166  029C                     	;# 
   167  029D                     	;# 
   168  029E                     	;# 
   169  029F                     	;# 
   170  0311                     	;# 
   171  0311                     	;# 
   172  0312                     	;# 
   173  0313                     	;# 
   174  0314                     	;# 
   175  0315                     	;# 
   176  0315                     	;# 
   177  0316                     	;# 
   178  0318                     	;# 
   179  0318                     	;# 
   180  0319                     	;# 
   181  031A                     	;# 
   182  031C                     	;# 
   183  031C                     	;# 
   184  031D                     	;# 
   185  031E                     	;# 
   186  0394                     	;# 
   187  0395                     	;# 
   188  0396                     	;# 
   189  0415                     	;# 
   190  0416                     	;# 
   191  0417                     	;# 
   192  041C                     	;# 
   193  041D                     	;# 
   194  041E                     	;# 
   195  0791                     	;# 
   196  0792                     	;# 
   197  0793                     	;# 
   198  0794                     	;# 
   199  0795                     	;# 
   200  0798                     	;# 
   201  0799                     	;# 
   202  079A                     	;# 
   203  07A0                     	;# 
   204  07A1                     	;# 
   205  07A2                     	;# 
   206  07A3                     	;# 
   207  07A4                     	;# 
   208  07A5                     	;# 
   209  07A6                     	;# 
   210  07A7                     	;# 
   211  07A8                     	;# 
   212  07A9                     	;# 
   213  07AA                     	;# 
   214  07AB                     	;# 
   215  0FE4                     	;# 
   216  0FE5                     	;# 
   217  0FE6                     	;# 
   218  0FE7                     	;# 
   219  0FE8                     	;# 
   220  0FE9                     	;# 
   221  0FEA                     	;# 
   222  0FEB                     	;# 
   223  0FED                     	;# 
   224  0FEE                     	;# 
   225  0FEF                     	;# 
   226  0000                     	;# 
   227  0001                     	;# 
   228  0002                     	;# 
   229  0003                     	;# 
   230  0004                     	;# 
   231  0005                     	;# 
   232  0006                     	;# 
   233  0007                     	;# 
   234  0008                     	;# 
   235  0009                     	;# 
   236  000A                     	;# 
   237  000B                     	;# 
   238  000C                     	;# 
   239  000D                     	;# 
   240  000E                     	;# 
   241  000F                     	;# 
   242  0010                     	;# 
   243  0011                     	;# 
   244  0012                     	;# 
   245  0013                     	;# 
   246  0015                     	;# 
   247  0016                     	;# 
   248  0016                     	;# 
   249  0017                     	;# 
   250  0018                     	;# 
   251  0019                     	;# 
   252  001A                     	;# 
   253  001B                     	;# 
   254  001C                     	;# 
   255  001E                     	;# 
   256  001F                     	;# 
   257  008C                     	;# 
   258  008D                     	;# 
   259  008E                     	;# 
   260  008F                     	;# 
   261  0090                     	;# 
   262  0091                     	;# 
   263  0092                     	;# 
   264  0093                     	;# 
   265  0095                     	;# 
   266  0096                     	;# 
   267  0097                     	;# 
   268  0098                     	;# 
   269  0099                     	;# 
   270  009A                     	;# 
   271  009B                     	;# 
   272  009B                     	;# 
   273  009C                     	;# 
   274  009D                     	;# 
   275  009E                     	;# 
   276  010C                     	;# 
   277  010D                     	;# 
   278  010E                     	;# 
   279  010F                     	;# 
   280  0110                     	;# 
   281  0111                     	;# 
   282  0112                     	;# 
   283  0113                     	;# 
   284  0114                     	;# 
   285  0115                     	;# 
   286  0116                     	;# 
   287  0117                     	;# 
   288  0118                     	;# 
   289  0119                     	;# 
   290  011A                     	;# 
   291  011B                     	;# 
   292  011D                     	;# 
   293  018C                     	;# 
   294  018D                     	;# 
   295  018F                     	;# 
   296  0190                     	;# 
   297  0191                     	;# 
   298  0191                     	;# 
   299  0192                     	;# 
   300  0193                     	;# 
   301  0193                     	;# 
   302  0193                     	;# 
   303  0194                     	;# 
   304  0195                     	;# 
   305  0196                     	;# 
   306  0199                     	;# 
   307  019A                     	;# 
   308  019B                     	;# 
   309  019B                     	;# 
   310  019B                     	;# 
   311  019B                     	;# 
   312  019C                     	;# 
   313  019C                     	;# 
   314  019D                     	;# 
   315  019E                     	;# 
   316  019F                     	;# 
   317  020D                     	;# 
   318  0210                     	;# 
   319  0211                     	;# 
   320  0212                     	;# 
   321  0213                     	;# 
   322  0214                     	;# 
   323  0215                     	;# 
   324  0215                     	;# 
   325  0216                     	;# 
   326  0217                     	;# 
   327  0291                     	;# 
   328  0291                     	;# 
   329  0292                     	;# 
   330  0293                     	;# 
   331  0294                     	;# 
   332  0295                     	;# 
   333  0295                     	;# 
   334  0296                     	;# 
   335  0298                     	;# 
   336  0298                     	;# 
   337  0299                     	;# 
   338  029A                     	;# 
   339  029B                     	;# 
   340  029C                     	;# 
   341  029C                     	;# 
   342  029D                     	;# 
   343  029E                     	;# 
   344  029F                     	;# 
   345  0311                     	;# 
   346  0311                     	;# 
   347  0312                     	;# 
   348  0313                     	;# 
   349  0314                     	;# 
   350  0315                     	;# 
   351  0315                     	;# 
   352  0316                     	;# 
   353  0318                     	;# 
   354  0318                     	;# 
   355  0319                     	;# 
   356  031A                     	;# 
   357  031C                     	;# 
   358  031C                     	;# 
   359  031D                     	;# 
   360  031E                     	;# 
   361  0394                     	;# 
   362  0395                     	;# 
   363  0396                     	;# 
   364  0415                     	;# 
   365  0416                     	;# 
   366  0417                     	;# 
   367  041C                     	;# 
   368  041D                     	;# 
   369  041E                     	;# 
   370  0791                     	;# 
   371  0792                     	;# 
   372  0793                     	;# 
   373  0794                     	;# 
   374  0795                     	;# 
   375  0798                     	;# 
   376  0799                     	;# 
   377  079A                     	;# 
   378  07A0                     	;# 
   379  07A1                     	;# 
   380  07A2                     	;# 
   381  07A3                     	;# 
   382  07A4                     	;# 
   383  07A5                     	;# 
   384  07A6                     	;# 
   385  07A7                     	;# 
   386  07A8                     	;# 
   387  07A9                     	;# 
   388  07AA                     	;# 
   389  07AB                     	;# 
   390  0FE4                     	;# 
   391  0FE5                     	;# 
   392  0FE6                     	;# 
   393  0FE7                     	;# 
   394  0FE8                     	;# 
   395  0FE9                     	;# 
   396  0FEA                     	;# 
   397  0FEB                     	;# 
   398  0FED                     	;# 
   399  0FEE                     	;# 
   400  0FEF                     	;# 
   401  0000                     	;# 
   402  0001                     	;# 
   403  0002                     	;# 
   404  0003                     	;# 
   405  0004                     	;# 
   406  0005                     	;# 
   407  0006                     	;# 
   408  0007                     	;# 
   409  0008                     	;# 
   410  0009                     	;# 
   411  000A                     	;# 
   412  000B                     	;# 
   413  000C                     	;# 
   414  000D                     	;# 
   415  000E                     	;# 
   416  000F                     	;# 
   417  0010                     	;# 
   418  0011                     	;# 
   419  0012                     	;# 
   420  0013                     	;# 
   421  0015                     	;# 
   422  0016                     	;# 
   423  0016                     	;# 
   424  0017                     	;# 
   425  0018                     	;# 
   426  0019                     	;# 
   427  001A                     	;# 
   428  001B                     	;# 
   429  001C                     	;# 
   430  001E                     	;# 
   431  001F                     	;# 
   432  008C                     	;# 
   433  008D                     	;# 
   434  008E                     	;# 
   435  008F                     	;# 
   436  0090                     	;# 
   437  0091                     	;# 
   438  0092                     	;# 
   439  0093                     	;# 
   440  0095                     	;# 
   441  0096                     	;# 
   442  0097                     	;# 
   443  0098                     	;# 
   444  0099                     	;# 
   445  009A                     	;# 
   446  009B                     	;# 
   447  009B                     	;# 
   448  009C                     	;# 
   449  009D                     	;# 
   450  009E                     	;# 
   451  010C                     	;# 
   452  010D                     	;# 
   453  010E                     	;# 
   454  010F                     	;# 
   455  0110                     	;# 
   456  0111                     	;# 
   457  0112                     	;# 
   458  0113                     	;# 
   459  0114                     	;# 
   460  0115                     	;# 
   461  0116                     	;# 
   462  0117                     	;# 
   463  0118                     	;# 
   464  0119                     	;# 
   465  011A                     	;# 
   466  011B                     	;# 
   467  011D                     	;# 
   468  018C                     	;# 
   469  018D                     	;# 
   470  018F                     	;# 
   471  0190                     	;# 
   472  0191                     	;# 
   473  0191                     	;# 
   474  0192                     	;# 
   475  0193                     	;# 
   476  0193                     	;# 
   477  0193                     	;# 
   478  0194                     	;# 
   479  0195                     	;# 
   480  0196                     	;# 
   481  0199                     	;# 
   482  019A                     	;# 
   483  019B                     	;# 
   484  019B                     	;# 
   485  019B                     	;# 
   486  019B                     	;# 
   487  019C                     	;# 
   488  019C                     	;# 
   489  019D                     	;# 
   490  019E                     	;# 
   491  019F                     	;# 
   492  020D                     	;# 
   493  0210                     	;# 
   494  0211                     	;# 
   495  0212                     	;# 
   496  0213                     	;# 
   497  0214                     	;# 
   498  0215                     	;# 
   499  0215                     	;# 
   500  0216                     	;# 
   501  0217                     	;# 
   502  0291                     	;# 
   503  0291                     	;# 
   504  0292                     	;# 
   505  0293                     	;# 
   506  0294                     	;# 
   507  0295                     	;# 
   508  0295                     	;# 
   509  0296                     	;# 
   510  0298                     	;# 
   511  0298                     	;# 
   512  0299                     	;# 
   513  029A                     	;# 
   514  029B                     	;# 
   515  029C                     	;# 
   516  029C                     	;# 
   517  029D                     	;# 
   518  029E                     	;# 
   519  029F                     	;# 
   520  0311                     	;# 
   521  0311                     	;# 
   522  0312                     	;# 
   523  0313                     	;# 
   524  0314                     	;# 
   525  0315                     	;# 
   526  0315                     	;# 
   527  0316                     	;# 
   528  0318                     	;# 
   529  0318                     	;# 
   530  0319                     	;# 
   531  031A                     	;# 
   532  031C                     	;# 
   533  031C                     	;# 
   534  031D                     	;# 
   535  031E                     	;# 
   536  0394                     	;# 
   537  0395                     	;# 
   538  0396                     	;# 
   539  0415                     	;# 
   540  0416                     	;# 
   541  0417                     	;# 
   542  041C                     	;# 
   543  041D                     	;# 
   544  041E                     	;# 
   545  0791                     	;# 
   546  0792                     	;# 
   547  0793                     	;# 
   548  0794                     	;# 
   549  0795                     	;# 
   550  0798                     	;# 
   551  0799                     	;# 
   552  079A                     	;# 
   553  07A0                     	;# 
   554  07A1                     	;# 
   555  07A2                     	;# 
   556  07A3                     	;# 
   557  07A4                     	;# 
   558  07A5                     	;# 
   559  07A6                     	;# 
   560  07A7                     	;# 
   561  07A8                     	;# 
   562  07A9                     	;# 
   563  07AA                     	;# 
   564  07AB                     	;# 
   565  0FE4                     	;# 
   566  0FE5                     	;# 
   567  0FE6                     	;# 
   568  0FE7                     	;# 
   569  0FE8                     	;# 
   570  0FE9                     	;# 
   571  0FEA                     	;# 
   572  0FEB                     	;# 
   573  0FED                     	;# 
   574  0FEE                     	;# 
   575  0FEF                     	;# 
   576  0000                     	;# 
   577  0001                     	;# 
   578  0002                     	;# 
   579  0003                     	;# 
   580  0004                     	;# 
   581  0005                     	;# 
   582  0006                     	;# 
   583  0007                     	;# 
   584  0008                     	;# 
   585  0009                     	;# 
   586  000A                     	;# 
   587  000B                     	;# 
   588  000C                     	;# 
   589  000D                     	;# 
   590  000E                     	;# 
   591  000F                     	;# 
   592  0010                     	;# 
   593  0011                     	;# 
   594  0012                     	;# 
   595  0013                     	;# 
   596  0015                     	;# 
   597  0016                     	;# 
   598  0016                     	;# 
   599  0017                     	;# 
   600  0018                     	;# 
   601  0019                     	;# 
   602  001A                     	;# 
   603  001B                     	;# 
   604  001C                     	;# 
   605  001E                     	;# 
   606  001F                     	;# 
   607  008C                     	;# 
   608  008D                     	;# 
   609  008E                     	;# 
   610  008F                     	;# 
   611  0090                     	;# 
   612  0091                     	;# 
   613  0092                     	;# 
   614  0093                     	;# 
   615  0095                     	;# 
   616  0096                     	;# 
   617  0097                     	;# 
   618  0098                     	;# 
   619  0099                     	;# 
   620  009A                     	;# 
   621  009B                     	;# 
   622  009B                     	;# 
   623  009C                     	;# 
   624  009D                     	;# 
   625  009E                     	;# 
   626  010C                     	;# 
   627  010D                     	;# 
   628  010E                     	;# 
   629  010F                     	;# 
   630  0110                     	;# 
   631  0111                     	;# 
   632  0112                     	;# 
   633  0113                     	;# 
   634  0114                     	;# 
   635  0115                     	;# 
   636  0116                     	;# 
   637  0117                     	;# 
   638  0118                     	;# 
   639  0119                     	;# 
   640  011A                     	;# 
   641  011B                     	;# 
   642  011D                     	;# 
   643  018C                     	;# 
   644  018D                     	;# 
   645  018F                     	;# 
   646  0190                     	;# 
   647  0191                     	;# 
   648  0191                     	;# 
   649  0192                     	;# 
   650  0193                     	;# 
   651  0193                     	;# 
   652  0193                     	;# 
   653  0194                     	;# 
   654  0195                     	;# 
   655  0196                     	;# 
   656  0199                     	;# 
   657  019A                     	;# 
   658  019B                     	;# 
   659  019B                     	;# 
   660  019B                     	;# 
   661  019B                     	;# 
   662  019C                     	;# 
   663  019C                     	;# 
   664  019D                     	;# 
   665  019E                     	;# 
   666  019F                     	;# 
   667  020D                     	;# 
   668  0210                     	;# 
   669  0211                     	;# 
   670  0212                     	;# 
   671  0213                     	;# 
   672  0214                     	;# 
   673  0215                     	;# 
   674  0215                     	;# 
   675  0216                     	;# 
   676  0217                     	;# 
   677  0291                     	;# 
   678  0291                     	;# 
   679  0292                     	;# 
   680  0293                     	;# 
   681  0294                     	;# 
   682  0295                     	;# 
   683  0295                     	;# 
   684  0296                     	;# 
   685  0298                     	;# 
   686  0298                     	;# 
   687  0299                     	;# 
   688  029A                     	;# 
   689  029B                     	;# 
   690  029C                     	;# 
   691  029C                     	;# 
   692  029D                     	;# 
   693  029E                     	;# 
   694  029F                     	;# 
   695  0311                     	;# 
   696  0311                     	;# 
   697  0312                     	;# 
   698  0313                     	;# 
   699  0314                     	;# 
   700  0315                     	;# 
   701  0315                     	;# 
   702  0316                     	;# 
   703  0318                     	;# 
   704  0318                     	;# 
   705  0319                     	;# 
   706  031A                     	;# 
   707  031C                     	;# 
   708  031C                     	;# 
   709  031D                     	;# 
   710  031E                     	;# 
   711  0394                     	;# 
   712  0395                     	;# 
   713  0396                     	;# 
   714  0415                     	;# 
   715  0416                     	;# 
   716  0417                     	;# 
   717  041C                     	;# 
   718  041D                     	;# 
   719  041E                     	;# 
   720  0791                     	;# 
   721  0792                     	;# 
   722  0793                     	;# 
   723  0794                     	;# 
   724  0795                     	;# 
   725  0798                     	;# 
   726  0799                     	;# 
   727  079A                     	;# 
   728  07A0                     	;# 
   729  07A1                     	;# 
   730  07A2                     	;# 
   731  07A3                     	;# 
   732  07A4                     	;# 
   733  07A5                     	;# 
   734  07A6                     	;# 
   735  07A7                     	;# 
   736  07A8                     	;# 
   737  07A9                     	;# 
   738  07AA                     	;# 
   739  07AB                     	;# 
   740  0FE4                     	;# 
   741  0FE5                     	;# 
   742  0FE6                     	;# 
   743  0FE7                     	;# 
   744  0FE8                     	;# 
   745  0FE9                     	;# 
   746  0FEA                     	;# 
   747  0FEB                     	;# 
   748  0FED                     	;# 
   749  0FEE                     	;# 
   750  0FEF                     	;# 
   751  008D                     _RCIF	set	141
   752  008C                     _TXIF	set	140
   753  008E                     _TRISCbits	set	142
   754  0199                     _RCREG	set	409
   755  019A                     _TXREG	set	410
   756  019D                     _RCSTAbits	set	413
   757  019E                     _TXSTAbits	set	414
   758  019B                     _SPBRG	set	411
   759                           
   760                           	psect	stringtext1
   761  0800                     __pstringtext1:
   762  0800                     STR_1:
   763  0800  3448               	retlw	72	;'H'
   764  0801  346F               	retlw	111	;'o'
   765  0802  346C               	retlw	108	;'l'
   766  0803  3461               	retlw	97	;'a'
   767  0804  3420               	retlw	32	;' '
   768  0805  3474               	retlw	116	;'t'
   769  0806  346F               	retlw	111	;'o'
   770  0807  3464               	retlw	100	;'d'
   771  0808  346F               	retlw	111	;'o'
   772  0809  3473               	retlw	115	;'s'
   773  080A  3420               	retlw	32	;' '
   774  080B  343A               	retlw	58	;':'
   775  080C  3429               	retlw	41	;')'
   776  080D  340D               	retlw	13
   777  080E  340A               	retlw	10
   778  080F  3400               	retlw	0
   779                           
   780                           	psect	stringtext2
   781  0000                     __pstringtext2:
   782                           
   783                           	psect	cinit
   784  07FD                     start_initialization:	
   785                           ; #config settings
   786                           
   787  07FD                     __initialization:
   788  07FD                     end_of_initialization:	
   789                           ;End of C runtime variable initialization code
   790                           
   791  07FD                     __end_of__initialization:
   792  07FD  0020               	movlb	0
   793  07FE  3187  2FDC         	ljmp	_main	;jump to C main() function
   794                           
   795                           	psect	cstackCOMMON
   796  0070                     __pcstackCOMMON:
   797  0070                     ?_UART_Init:
   798  0070                     ?_UART_Write:	
   799                           ; 1 bytes @ 0x0
   800                           
   801  0070                     ??_UART_Write:	
   802                           ; 1 bytes @ 0x0
   803                           
   804  0070                     ?_main:	
   805                           ; 1 bytes @ 0x0
   806                           
   807  0070                     UART_Write@c:	
   808                           ; 1 bytes @ 0x0
   809                           
   810  0070                     UART_Init@baudrate:	
   811                           ; 1 bytes @ 0x0
   812                           
   813                           
   814                           ; 4 bytes @ 0x0
   815  0070                     	ds	1
   816  0071                     ?_UART_Write_Text:
   817  0071                     UART_Write_Text@c:	
   818                           ; 1 bytes @ 0x1
   819                           
   820                           
   821                           ; 2 bytes @ 0x1
   822  0071                     	ds	2
   823  0073                     ??_UART_Write_Text:
   824                           
   825                           ; 1 bytes @ 0x3
   826  0073                     	ds	1
   827  0074                     ??_UART_Init:
   828  0074                     ??_main:	
   829                           ; 1 bytes @ 0x4
   830                           
   831                           
   832                           ; 1 bytes @ 0x4
   833  0074                     	ds	1
   834                           
   835                           	psect	maintext
   836  07DC                     __pmaintext:	
   837 ;;
   838 ;;Main: autosize = 0, tempsize = 1, incstack = 0, save=0
   839 ;;
   840 ;; *************** function _main *****************
   841 ;; Defined at:
   842 ;;		line 7 in file "main.c"
   843 ;; Parameters:    Size  Location     Type
   844 ;;		None
   845 ;; Auto vars:     Size  Location     Type
   846 ;;		None
   847 ;; Return value:  Size  Location     Type
   848 ;;                  1    wreg      void 
   849 ;; Registers used:
   850 ;;		wreg, fsr0l, fsr0h, status,2, status,0, pclath, cstack
   851 ;; Tracked objects:
   852 ;;		On entry : B1F/0
   853 ;;		On exit  : 0/0
   854 ;;		Unchanged: 0/0
   855 ;; Data sizes:     COMMON   BANK0   BANK1   BANK2   BANK3   BANK4   BANK5   BANK6   BANK7   BANK8   BANK9  BANK10  BANK1
      +1  BANK12
   856 ;;      Params:         0       0       0       0       0       0       0       0       0       0       0       0       
      +0       0
   857 ;;      Locals:         0       0       0       0       0       0       0       0       0       0       0       0       
      +0       0
   858 ;;      Temps:          1       0       0       0       0       0       0       0       0       0       0       0       
      +0       0
   859 ;;      Totals:         1       0       0       0       0       0       0       0       0       0       0       0       
      +0       0
   860 ;;Total ram usage:        1 bytes
   861 ;; Hardware stack levels required when called: 2
   862 ;; This function calls:
   863 ;;		_UART_Init
   864 ;;		_UART_Write
   865 ;;		_UART_Write_Text
   866 ;; This function is called by:
   867 ;;		Startup code after reset
   868 ;; This function uses a non-reentrant model
   869 ;;
   870                           
   871  07DC                     _main:	
   872                           ;psect for function _main
   873                           
   874  07DC                     l721:	
   875                           ;incstack = 0
   876                           ; Regs used in _main: [wreg-fsr0h+status,2+status,0+pclath+cstack]
   877                           
   878                           
   879                           ;main.c: 8:     UART_Init(9600);
   880  07DC  3000               	movlw	0
   881  07DD  00F3               	movwf	UART_Init@baudrate+3
   882  07DE  3000               	movlw	0
   883  07DF  00F2               	movwf	UART_Init@baudrate+2
   884  07E0  3025               	movlw	37
   885  07E1  00F1               	movwf	UART_Init@baudrate+1
   886  07E2  3080               	movlw	128
   887  07E3  00F0               	movwf	UART_Init@baudrate
   888  07E4  3187  27B9  3187   	fcall	_UART_Init
   889                           
   890                           ;main.c: 10:     UART_Write('C');
   891  07E7  3043               	movlw	67
   892  07E8  3187  27AF  3187   	fcall	_UART_Write
   893  07EB                     l723:
   894                           
   895                           ;main.c: 11:     UART_Write_Text("Hola todos :)\r\n");
   896  07EB  3000               	movlw	low (STR_1| (0+32768))
   897  07EC  00F1               	movwf	UART_Write_Text@c
   898  07ED  3088               	movlw	high (STR_1| (0+32768))
   899  07EE  00F2               	movwf	UART_Write_Text@c+1
   900  07EF  3187  27C5  3187   	fcall	_UART_Write_Text
   901  07F2                     l725:
   902                           
   903                           ;main.c: 14:         _delay((unsigned long)((10)*(20000000UL/4000.0)));
   904  07F2  3041               	movlw	65
   905  07F3  00F4               	movwf	??_main
   906  07F4  30EE               	movlw	238
   907  07F5                     u57:
   908  07F5  0B89               	decfsz	9,f
   909  07F6  2FF5               	goto	u57
   910  07F7  0BF4               	decfsz	??_main,f
   911  07F8  2FF5               	goto	u57
   912  07F9  3200               	nop2
   913  07FA  2FF2               	goto	l725
   914  07FB  3180  2802         	ljmp	start
   915  07FD                     __end_of_main:
   916                           
   917                           	psect	text1
   918  07C5                     __ptext1:	
   919 ;; *************** function _UART_Write_Text *****************
   920 ;; Defined at:
   921 ;;		line 27 in file "UART.c"
   922 ;; Parameters:    Size  Location     Type
   923 ;;  c               2    1[COMMON] PTR unsigned char 
   924 ;;		 -> STR_1(16), 
   925 ;; Auto vars:     Size  Location     Type
   926 ;;		None
   927 ;; Return value:  Size  Location     Type
   928 ;;                  1    wreg      void 
   929 ;; Registers used:
   930 ;;		wreg, fsr0l, fsr0h, status,2, status,0, pclath, cstack
   931 ;; Tracked objects:
   932 ;;		On entry : 0/0
   933 ;;		On exit  : 0/0
   934 ;;		Unchanged: 0/0
   935 ;; Data sizes:     COMMON   BANK0   BANK1   BANK2   BANK3   BANK4   BANK5   BANK6   BANK7   BANK8   BANK9  BANK10  BANK1
      +1  BANK12
   936 ;;      Params:         2       0       0       0       0       0       0       0       0       0       0       0       
      +0       0
   937 ;;      Locals:         0       0       0       0       0       0       0       0       0       0       0       0       
      +0       0
   938 ;;      Temps:          1       0       0       0       0       0       0       0       0       0       0       0       
      +0       0
   939 ;;      Totals:         3       0       0       0       0       0       0       0       0       0       0       0       
      +0       0
   940 ;;Total ram usage:        3 bytes
   941 ;; Hardware stack levels used: 1
   942 ;; Hardware stack levels required when called: 1
   943 ;; This function calls:
   944 ;;		_UART_Write
   945 ;; This function is called by:
   946 ;;		_main
   947 ;; This function uses a non-reentrant model
   948 ;;
   949                           
   950  07C5                     _UART_Write_Text:	
   951                           ;psect for function _UART_Write_Text
   952                           
   953  07C5                     l713:	
   954                           ;incstack = 0
   955                           ; Regs used in _UART_Write_Text: [wreg-fsr0h+status,2+status,0+pclath+cstack]
   956                           
   957                           
   958                           ;UART.c: 28:     while(*c){
   959  07C5  2FD2               	goto	l719
   960  07C6                     l715:
   961                           
   962                           ;UART.c: 29:         UART_Write(*c);
   963  07C6  0871               	movf	UART_Write_Text@c,w
   964  07C7  0084               	movwf	4
   965  07C8  0872               	movf	UART_Write_Text@c+1,w
   966  07C9  0085               	movwf	5
   967  07CA  0800               	movf	0,w	;code access
   968  07CB  3187  27AF  3187   	fcall	_UART_Write
   969  07CE                     l717:
   970                           
   971                           ;UART.c: 30:         c++;
   972  07CE  3001               	movlw	1
   973  07CF  07F1               	addwf	UART_Write_Text@c,f
   974  07D0  3000               	movlw	0
   975  07D1  3DF2               	addwfc	UART_Write_Text@c+1,f
   976  07D2                     l719:
   977                           
   978                           ;UART.c: 28:     while(*c){
   979  07D2  0871               	movf	UART_Write_Text@c,w
   980  07D3  0084               	movwf	4
   981  07D4  0872               	movf	UART_Write_Text@c+1,w
   982  07D5  0085               	movwf	5
   983  07D6  0012               	moviw fsr0++
   984  07D7  1D03               	btfss	3,2
   985  07D8  2FDA               	goto	u41
   986  07D9  2FDB               	goto	u40
   987  07DA                     u41:
   988  07DA  2FC6               	goto	l715
   989  07DB                     u40:
   990  07DB                     l47:
   991  07DB  0008               	return
   992  07DC                     __end_of_UART_Write_Text:
   993                           
   994                           	psect	text2
   995  07AF                     __ptext2:	
   996 ;; *************** function _UART_Write *****************
   997 ;; Defined at:
   998 ;;		line 22 in file "UART.c"
   999 ;; Parameters:    Size  Location     Type
  1000 ;;  c               1    wreg     unsigned char 
  1001 ;; Auto vars:     Size  Location     Type
  1002 ;;  c               1    0[COMMON] unsigned char 
  1003 ;; Return value:  Size  Location     Type
  1004 ;;                  1    wreg      void 
  1005 ;; Registers used:
  1006 ;;		wreg
  1007 ;; Tracked objects:
  1008 ;;		On entry : 0/0
  1009 ;;		On exit  : 0/0
  1010 ;;		Unchanged: 0/0
  1011 ;; Data sizes:     COMMON   BANK0   BANK1   BANK2   BANK3   BANK4   BANK5   BANK6   BANK7   BANK8   BANK9  BANK10  BANK1
      +1  BANK12
  1012 ;;      Params:         0       0       0       0       0       0       0       0       0       0       0       0       
      +0       0
  1013 ;;      Locals:         1       0       0       0       0       0       0       0       0       0       0       0       
      +0       0
  1014 ;;      Temps:          0       0       0       0       0       0       0       0       0       0       0       0       
      +0       0
  1015 ;;      Totals:         1       0       0       0       0       0       0       0       0       0       0       0       
      +0       0
  1016 ;;Total ram usage:        1 bytes
  1017 ;; Hardware stack levels used: 1
  1018 ;; This function calls:
  1019 ;;		Nothing
  1020 ;; This function is called by:
  1021 ;;		_main
  1022 ;;		_UART_Write_Text
  1023 ;; This function uses a non-reentrant model
  1024 ;;
  1025                           
  1026  07AF                     _UART_Write:	
  1027                           ;psect for function _UART_Write
  1028                           
  1029                           
  1030                           ;incstack = 0
  1031                           ; Regs used in _UART_Write: [wreg]
  1032                           ;UART_Write@c stored from wreg
  1033  07AF  00F0               	movwf	UART_Write@c
  1034  07B0                     l661:
  1035  07B0                     l38:	
  1036                           ;UART.c: 23:     while(!TXIF);
  1037                           
  1038  07B0  0020               	movlb	0	; select bank0
  1039  07B1  1E11               	btfss	17,4	;volatile
  1040  07B2  2FB4               	goto	u11
  1041  07B3  2FB5               	goto	u10
  1042  07B4                     u11:
  1043  07B4  2FB0               	goto	l38
  1044  07B5                     u10:
  1045  07B5                     l663:
  1046                           
  1047                           ;UART.c: 24:     TXREG = c;
  1048  07B5  0870               	movf	UART_Write@c,w
  1049  07B6  0023               	movlb	3	; select bank3
  1050  07B7  009A               	movwf	26	;volatile
  1051  07B8                     l41:
  1052  07B8  0008               	return
  1053  07B9                     __end_of_UART_Write:
  1054                           
  1055                           	psect	text3
  1056  07B9                     __ptext3:	
  1057 ;; *************** function _UART_Init *****************
  1058 ;; Defined at:
  1059 ;;		line 7 in file "UART.c"
  1060 ;; Parameters:    Size  Location     Type
  1061 ;;  baudrate        4    0[COMMON] unsigned long 
  1062 ;; Auto vars:     Size  Location     Type
  1063 ;;		None
  1064 ;; Return value:  Size  Location     Type
  1065 ;;                  1    wreg      void 
  1066 ;; Registers used:
  1067 ;;		wreg
  1068 ;; Tracked objects:
  1069 ;;		On entry : 0/0
  1070 ;;		On exit  : 0/0
  1071 ;;		Unchanged: 0/0
  1072 ;; Data sizes:     COMMON   BANK0   BANK1   BANK2   BANK3   BANK4   BANK5   BANK6   BANK7   BANK8   BANK9  BANK10  BANK1
      +1  BANK12
  1073 ;;      Params:         4       0       0       0       0       0       0       0       0       0       0       0       
      +0       0
  1074 ;;      Locals:         0       0       0       0       0       0       0       0       0       0       0       0       
      +0       0
  1075 ;;      Temps:          0       0       0       0       0       0       0       0       0       0       0       0       
      +0       0
  1076 ;;      Totals:         4       0       0       0       0       0       0       0       0       0       0       0       
      +0       0
  1077 ;;Total ram usage:        4 bytes
  1078 ;; Hardware stack levels used: 1
  1079 ;; This function calls:
  1080 ;;		Nothing
  1081 ;; This function is called by:
  1082 ;;		_main
  1083 ;; This function uses a non-reentrant model
  1084 ;;
  1085                           
  1086  07B9                     _UART_Init:	
  1087                           ;psect for function _UART_Init
  1088                           
  1089  07B9                     l699:	
  1090                           ;incstack = 0
  1091                           ; Regs used in _UART_Init: [wreg]
  1092                           
  1093                           
  1094                           ;UART.c: 8:     TRISCbits.TRISC6 = 0;
  1095  07B9  0021               	movlb	1	; select bank1
  1096  07BA  130E               	bcf	14,6	;volatile
  1097                           
  1098                           ;UART.c: 9:     TRISCbits.TRISC7 = 1;
  1099  07BB  178E               	bsf	14,7	;volatile
  1100  07BC                     l701:
  1101                           
  1102                           ;UART.c: 12:     SPBRG = 129;
  1103  07BC  3081               	movlw	129
  1104  07BD  0023               	movlb	3	; select bank3
  1105  07BE  009B               	movwf	27	;volatile
  1106  07BF                     l703:
  1107                           
  1108                           ;UART.c: 14:     TXSTAbits.SYNC = 0;
  1109  07BF  121E               	bcf	30,4	;volatile
  1110  07C0                     l705:
  1111                           
  1112                           ;UART.c: 15:     TXSTAbits.BRGH = 1;
  1113  07C0  151E               	bsf	30,2	;volatile
  1114  07C1                     l707:
  1115                           
  1116                           ;UART.c: 17:     TXSTAbits.TXEN = 1;
  1117  07C1  169E               	bsf	30,5	;volatile
  1118  07C2                     l709:
  1119                           
  1120                           ;UART.c: 18:     RCSTAbits.SPEN = 1;
  1121  07C2  179D               	bsf	29,7	;volatile
  1122  07C3                     l711:
  1123                           
  1124                           ;UART.c: 19:     RCSTAbits.CREN = 1;
  1125  07C3  161D               	bsf	29,4	;volatile
  1126  07C4                     l35:
  1127  07C4  0008               	return
  1128  07C5                     __end_of_UART_Init:
  1129  007E                     btemp	set	126	;btemp
  1130  007E                     wtemp0	set	126
  1131                           
  1132                           	psect	idloc
  1133                           
  1134                           ;Config register IDLOC0 @ 0x8000
  1135                           ;	unspecified, using default values
  1136  8000                     	org	32768
  1137  8000  3FFF               	dw	16383
  1138                           
  1139                           ;Config register IDLOC1 @ 0x8001
  1140                           ;	unspecified, using default values
  1141  8001                     	org	32769
  1142  8001  3FFF               	dw	16383
  1143                           
  1144                           ;Config register IDLOC2 @ 0x8002
  1145                           ;	unspecified, using default values
  1146  8002                     	org	32770
  1147  8002  3FFF               	dw	16383
  1148                           
  1149                           ;Config register IDLOC3 @ 0x8003
  1150                           ;	unspecified, using default values
  1151  8003                     	org	32771
  1152  8003  3FFF               	dw	16383
  1153                           
  1154                           	psect	config
  1155                           
  1156                           ;Config register CONFIG1 @ 0x8007
  1157                           ;	Oscillator Selection
  1158                           ;	FOSC = HS, HS Oscillator, High-speed crystal/resonator connected between OSC1 and OSC2
      +                           pins
  1159                           ;	Watchdog Timer Enable
  1160                           ;	WDTE = OFF, WDT disabled
  1161                           ;	Power-up Timer Enable
  1162                           ;	PWRTE = OFF, PWRT disabled
  1163                           ;	MCLR Pin Function Select
  1164                           ;	MCLRE = ON, MCLR/VPP pin function is MCLR
  1165                           ;	Flash Program Memory Code Protection
  1166                           ;	CP = OFF, Program memory code protection is disabled
  1167                           ;	Data Memory Code Protection
  1168                           ;	CPD = OFF, Data memory code protection is disabled
  1169                           ;	Brown-out Reset Enable
  1170                           ;	BOREN = OFF, Brown-out Reset disabled
  1171                           ;	Clock Out Enable
  1172                           ;	CLKOUTEN = OFF, CLKOUT function is disabled. I/O or oscillator function on the CLKOUT 
      +                          pin
  1173                           ;	Internal/External Switchover
  1174                           ;	IESO = ON, Internal/External Switchover mode is enabled
  1175                           ;	Fail-Safe Clock Monitor Enable
  1176                           ;	FCMEN = ON, Fail-Safe Clock Monitor is enabled
  1177  8007                     	org	32775
  1178  8007  39E2               	dw	14818
  1179                           
  1180                           ;Config register CONFIG2 @ 0x8008
  1181                           ;	Flash Memory Self-Write Protection
  1182                           ;	WRT = OFF, Write protection off
  1183                           ;	Voltage Regulator Capacitor Enable
  1184                           ;	VCAPEN = OFF, All VCAP pin functionality is disabled
  1185                           ;	PLL Enable
  1186                           ;	PLLEN = OFF, 4x PLL disabled
  1187                           ;	Stack Overflow/Underflow Reset Enable
  1188                           ;	STVREN = ON, Stack Overflow or Underflow will cause a Reset
  1189                           ;	Brown-out Reset Voltage Selection
  1190                           ;	BORV = LO, Brown-out Reset Voltage (Vbor), low trip point selected.
  1191                           ;	Low-Voltage Programming Enable
  1192                           ;	LVP = ON, Low-voltage programming enabled
  1193  8008                     	org	32776
  1194  8008  3EFF               	dw	16127

Data Sizes:
    Strings     16
    Constant    0
    Data        0
    BSS         0
    Persistent  32
    Stack       0

Auto Spaces:
    Space          Size  Autos    Used
    COMMON           14      5       5
    BANK0            80      0       0
    BANK1            80      0       0
    BANK2            80      0       0
    BANK3            80      0       0
    BANK4            80      0       0
    BANK5            80      0       0
    BANK6            80      0       0
    BANK7            80      0       0
    BANK8            80      0       0
    BANK9            80      0       0
    BANK10           80      0       0
    BANK11           80      0       0
    BANK12           48      0       0

Pointer List with Targets:

    UART_Write_Text@c	PTR unsigned char  size(2) Largest target is 16
		 -> STR_1(CODE[16]), 


Critical Paths under _main in COMMON

    _main->_UART_Init
    _main->_UART_Write_Text
    _UART_Write_Text->_UART_Write

Critical Paths under _main in BANK0

    None.

Critical Paths under _main in BANK1

    None.

Critical Paths under _main in BANK2

    None.

Critical Paths under _main in BANK3

    None.

Critical Paths under _main in BANK4

    None.

Critical Paths under _main in BANK5

    None.

Critical Paths under _main in BANK6

    None.

Critical Paths under _main in BANK7

    None.

Critical Paths under _main in BANK8

    None.

Critical Paths under _main in BANK9

    None.

Critical Paths under _main in BANK10

    None.

Critical Paths under _main in BANK11

    None.

Critical Paths under _main in BANK12

    None.

Call Graph Tables:

 ---------------------------------------------------------------------------------
 (Depth) Function   	        Calls       Base Space   Used Autos Params    Refs
 ---------------------------------------------------------------------------------
 (0) _main                                                 1     1      0     227
                                              4 COMMON     1     1      0
                          _UART_Init
                         _UART_Write
                    _UART_Write_Text
 ---------------------------------------------------------------------------------
 (1) _UART_Write_Text                                      3     1      2     136
                                              1 COMMON     3     1      2
                         _UART_Write
 ---------------------------------------------------------------------------------
 (2) _UART_Write                                           1     1      0      15
                                              0 COMMON     1     1      0
 ---------------------------------------------------------------------------------
 (1) _UART_Init                                            4     0      4      76
                                              0 COMMON     4     0      4
 ---------------------------------------------------------------------------------
 Estimated maximum stack depth 2
 ---------------------------------------------------------------------------------

 Call Graph Graphs:

 _main (ROOT)
   _UART_Init
   _UART_Write
   _UART_Write_Text
     _UART_Write

 Address spaces:
Name               Size   Autos  Total    Cost      Usage
BIGRAM             3F0      0       0       0        0.0%
EEDATA             100      0       0       0        0.0%
NULL                 0      0       0       0        0.0%
CODE                 0      0       0       0        0.0%
BITCOMMON            E      0       0       1        0.0%
BITSFR0              0      0       0       1        0.0%
SFR0                 0      0       0       1        0.0%
COMMON               E      5       5       2       35.7%
BITSFR1              0      0       0       2        0.0%
SFR1                 0      0       0       2        0.0%
BITSFR2              0      0       0       3        0.0%
SFR2                 0      0       0       3        0.0%
STACK                0      0       0       3        0.0%
BITBANK0            50      0       0       4        0.0%
BITSFR3              0      0       0       4        0.0%
SFR3                 0      0       0       4        0.0%
BANK0               50      0       0       5        0.0%
BITSFR4              0      0       0       5        0.0%
SFR4                 0      0       0       5        0.0%
BITBANK1            50      0       0       6        0.0%
BITSFR5              0      0       0       6        0.0%
SFR5                 0      0       0       6        0.0%
BANK1               50      0       0       7        0.0%
BITSFR6              0      0       0       7        0.0%
SFR6                 0      0       0       7        0.0%
BITBANK2            50      0       0       8        0.0%
BITSFR7              0      0       0       8        0.0%
SFR7                 0      0       0       8        0.0%
BANK2               50      0       0       9        0.0%
BITSFR8              0      0       0       9        0.0%
SFR8                 0      0       0       9        0.0%
BITBANK3            50      0       0      10        0.0%
BITSFR9              0      0       0      10        0.0%
SFR9                 0      0       0      10        0.0%
BANK3               50      0       0      11        0.0%
BITSFR10             0      0       0      11        0.0%
SFR10                0      0       0      11        0.0%
BITBANK4            50      0       0      12        0.0%
BITSFR11             0      0       0      12        0.0%
SFR11                0      0       0      12        0.0%
BANK4               50      0       0      13        0.0%
BITSFR12             0      0       0      13        0.0%
SFR12                0      0       0      13        0.0%
BITBANK5            50      0       0      14        0.0%
BITSFR13             0      0       0      14        0.0%
SFR13                0      0       0      14        0.0%
BANK5               50      0       0      15        0.0%
BITSFR14             0      0       0      15        0.0%
SFR14                0      0       0      15        0.0%
BITBANK6            50      0       0      16        0.0%
BITSFR15             0      0       0      16        0.0%
SFR15                0      0       0      16        0.0%
BANK6               50      0       0      17        0.0%
BITSFR16             0      0       0      17        0.0%
SFR16                0      0       0      17        0.0%
BITBANK7            50      0       0      18        0.0%
BITSFR17             0      0       0      18        0.0%
SFR17                0      0       0      18        0.0%
BANK7               50      0       0      19        0.0%
BITSFR18             0      0       0      19        0.0%
SFR18                0      0       0      19        0.0%
BITSFR19             0      0       0      20        0.0%
SFR19                0      0       0      20        0.0%
ABS                  0      0       0      20        0.0%
BITBANK8            50      0       0      21        0.0%
BITSFR20             0      0       0      21        0.0%
SFR20                0      0       0      21        0.0%
BANK8               50      0       0      22        0.0%
BITSFR21             0      0       0      22        0.0%
SFR21                0      0       0      22        0.0%
BITBANK9            50      0       0      23        0.0%
BITSFR22             0      0       0      23        0.0%
SFR22                0      0       0      23        0.0%
BANK9               50      0       0      24        0.0%
BITSFR23             0      0       0      24        0.0%
SFR23                0      0       0      24        0.0%
BITBANK10           50      0       0      25        0.0%
BITSFR24             0      0       0      25        0.0%
SFR24                0      0       0      25        0.0%
BANK10              50      0       0      26        0.0%
BITSFR25             0      0       0      26        0.0%
SFR25                0      0       0      26        0.0%
BITBANK11           50      0       0      27        0.0%
BITSFR26             0      0       0      27        0.0%
SFR26                0      0       0      27        0.0%
BANK11              50      0       0      28        0.0%
BITSFR27             0      0       0      28        0.0%
SFR27                0      0       0      28        0.0%
BITBANK12           30      0       0      29        0.0%
BITSFR28             0      0       0      29        0.0%
SFR28                0      0       0      29        0.0%
BANK12              30      0       0      30        0.0%
BITSFR29             0      0       0      30        0.0%
SFR29                0      0       0      30        0.0%
BITSFR30             0      0       0      31        0.0%
SFR30                0      0       0      31        0.0%
DATA                 0      0       0      31        0.0%
BITSFR31             0      0       0      32        0.0%
SFR31                0      0       0      32        0.0%


Microchip Technology PIC Macro Assembler V2.36 build 20220127204148 
Symbol Table                                                                                   Wed Oct 18 12:52:10 2023

                     l41 07B8                       l35 07C4                       l38 07B0  
                     l47 07DB                       u10 07B5                       u11 07B4  
                     u40 07DB                       u41 07DA                       u57 07F5  
                    l701 07BC                      l711 07C3                      l703 07BF  
                    l705 07C0                      l713 07C5                      l721 07DC  
                    l707 07C1                      l715 07C6                      l723 07EB  
                    l709 07C2                      l661 07B0                      l717 07CE  
                    l725 07F2                      l663 07B5                      l719 07D2  
                    l699 07B9                      wreg 0009                     STR_1 0800  
                   _RCIF 008D                     _TXIF 008C                     _main 07DC  
                   fsr0h 0005                     indf0 0000                     fsr0l 0004  
                   btemp 007E                     start 0002  __end_of_UART_Write_Text 07DC  
                  ?_main 0070                    _RCREG 0199                    _SPBRG 019B  
                  _TXREG 019A              ?_UART_Write 0070                    status 0003  
                  wtemp0 007E          __initialization 07FD             __end_of_main 07FD  
                 ??_main 0074        __end_of_UART_Init 07C5         ?_UART_Write_Text 0071  
__end_of__initialization 07FD           __pcstackCOMMON 0070               __pmaintext 07DC  
           ??_UART_Write 0070       __end_of_UART_Write 07B9                  __ptext1 07C5  
                __ptext2 07AF                  __ptext3 07B9              UART_Write@c 0070  
   end_of_initialization 07FD                _RCSTAbits 019D                _UART_Init 07B9  
              _TRISCbits 008E                _TXSTAbits 019E               ?_UART_Init 0070  
    start_initialization 07FD                ___latbits 0003              ??_UART_Init 0074  
      ??_UART_Write_Text 0073        UART_Init@baudrate 0070            __pstringtext1 0800  
          __pstringtext2 0000          _UART_Write_Text 07C5               _UART_Write 07AF  
       UART_Write_Text@c 0071  
